Running full pipeline with all keywords...

=== Thrift-Cycle Pipeline — 2026-05-02 ===

[1/50] Birkenstock Arizona (DE)
  [Finding API] Rate limited, retrying in 2.0s (attempt 1/3)...
  [Finding API] Rate limited, retrying in 4.0s (attempt 2/3)...
  [Finding API] Rate limited, retrying in 8.0s (attempt 3/3)...
  ⚠️  API error, using cached data from 
  active=333, sold=20, avg=$26, STR=5.7%, index=0.027 [LOW] →
[2/50] Birkenstock Boston (DE)
  [Finding API] Rate limited, retrying in 2.0s (attempt 1/3)...
  [Finding API] Rate limited, retrying in 4.0s (attempt 2/3)...
  [Finding API] Rate limited, retrying in 8.0s (attempt 3/3)...
  ⚠️  API error, using cached data from 
  active=73, sold=20, avg=$60, STR=21.5%, index=0.122 [LOW] →
[3/50] Birkenstock Gizeh (DE)
  [Finding API] Rate limited, retrying in 2.0s (attempt 1/3)...
  [Finding API] Rate limited, retrying in 4.0s (attempt 2/3)...
  [Finding API] Rate limited, retrying in 8.0s (attempt 3/3)...
  ⚠️  API error, using cached data from 
  active=351, sold=20, avg=$37, STR=5.4%, index=0.025 [LOW] →
[4/50] Birkenstock Madrid (DE)
  [Finding API] Rate limited, retrying in 2.0s (attempt 1/3)...
  [Finding API] Rate limited, retrying in 4.0s (attempt 2/3)...
  [Finding API] Rate limited, retrying in 8.0s (attempt 3/3)...
  ⚠️  API error, using cached data from 
  active=297, sold=20, avg=$36, STR=6.3%, index=0.030 [LOW] →
[5/50] Birkenstock EVA (DE)
  [Finding API] Rate limited, retrying in 2.0s (attempt 1/3)...
  [Finding API] Rate limited, retrying in 4.0s (attempt 2/3)...
  [Finding API] Rate limited, retrying in 8.0s (attempt 3/3)...
  ⚠️  API error, using cached data from 
  active=408, sold=20, avg=$40, STR=4.7%, index=0.022 [LOW] →
[6/50] Lowa Renegade GTX (DE)
  [Finding API] Rate limited, retrying in 2.0s (attempt 1/3)...
  [Finding API] Rate limited, retrying in 4.0s (attempt 2/3)...
